SF:/home/pedroneto/Documentos/Git/TokenGenerator/TokenGenerator/Business/Customer.cs
FN:13,System.Boolean TokenGenerator.Customer::Exists(System.Int32)
FNDA:16,System.Boolean TokenGenerator.Customer::Exists(System.Int32)
DA:14,16
DA:15,16
DA:16,16
LF:3
LH:3
BRF:0
BRH:0
FNF:1
FNH:1
end_of_record
SF:/home/pedroneto/Documentos/Git/TokenGenerator/TokenGenerator/Models/Customer.cs
FN:16,System.Int32 TokenGenerator.Customer::get_Id()
FNDA:41,System.Int32 TokenGenerator.Customer::get_Id()
DA:17,41
LF:1
LH:1
BRF:0
BRH:0
FNF:1
FNH:1
end_of_record
SF:/home/pedroneto/Documentos/Git/TokenGenerator/TokenGenerator/Models/Card.cs
FN:18,System.Int32 TokenGenerator.Card::get_Id()
FNDA:4,System.Int32 TokenGenerator.Card::get_Id()
DA:19,4
FN:26,System.Int32 TokenGenerator.Card::get_CustomerId()
FNDA:20,System.Int32 TokenGenerator.Card::get_CustomerId()
DA:27,20
FN:32,TokenGenerator.Customer TokenGenerator.Card::get_Customer()
FNDA:8,TokenGenerator.Customer TokenGenerator.Card::get_Customer()
DA:33,8
FN:39,System.Nullable`1<System.Int64> TokenGenerator.Card::get_CardNumber()
FNDA:23,System.Nullable`1<System.Int64> TokenGenerator.Card::get_CardNumber()
DA:40,23
FN:46,System.Nullable`1<System.Int32> TokenGenerator.Card::get_Cvv()
FNDA:252,System.Nullable`1<System.Int32> TokenGenerator.Card::get_Cvv()
DA:47,252
FN:52,System.DateTime TokenGenerator.Card::get_RegistrationDate()
FNDA:8,System.DateTime TokenGenerator.Card::get_RegistrationDate()
DA:53,8
FN:58,System.Nullable`1<System.Int32> TokenGenerator.Card::get_Token()
FNDA:4,System.Nullable`1<System.Int32> TokenGenerator.Card::get_Token()
DA:59,4
LF:7
LH:7
BRF:0
BRH:0
FNF:7
FNH:7
end_of_record
SF:/home/pedroneto/Documentos/Git/TokenGenerator/TokenGenerator/Program.cs
FN:8,System.Void TokenGenerator.Program::Main(System.String[])
FNDA:0,System.Void TokenGenerator.Program::Main(System.String[])
DA:9,0
DA:10,0
DA:11,0
FN:13,Microsoft.Extensions.Hosting.IHostBuilder TokenGenerator.Program::CreateHostBuilder(System.String[])
FNDA:0,Microsoft.Extensions.Hosting.IHostBuilder TokenGenerator.Program::CreateHostBuilder(System.String[])
DA:14,0
DA:15,0
DA:16,0
DA:17,0
DA:18,0
LF:8
LH:0
BRF:0
BRH:0
FNF:2
FNH:0
end_of_record
SF:/home/pedroneto/Documentos/Git/TokenGenerator/TokenGenerator/Startup.cs
FN:19,Microsoft.Extensions.Configuration.IConfiguration TokenGenerator.Startup::get_Configuration()
FNDA:0,Microsoft.Extensions.Configuration.IConfiguration TokenGenerator.Startup::get_Configuration()
DA:20,0
FN:23,System.Void TokenGenerator.Startup::ConfigureServices(Microsoft.Extensions.DependencyInjection.IServiceCollection)
FNDA:0,System.Void TokenGenerator.Startup::ConfigureServices(Microsoft.Extensions.DependencyInjection.IServiceCollection)
DA:24,0
DA:25,0
DA:26,0
DA:27,0
DA:28,0
DA:29,0
DA:31,0
DA:33,0
DA:34,0
DA:35,0
DA:36,0
DA:37,0
DA:38,0
DA:39,0
DA:40,0
DA:41,0
DA:42,0
DA:43,0
DA:44,0
DA:45,0
DA:46,0
DA:47,0
DA:48,0
FN:51,System.Void TokenGenerator.Startup::Configure(Microsoft.AspNetCore.Builder.IApplicationBuilder,Microsoft.AspNetCore.Hosting.IWebHostEnvironment)
FNDA:0,System.Void TokenGenerator.Startup::Configure(Microsoft.AspNetCore.Builder.IApplicationBuilder,Microsoft.AspNetCore.Hosting.IWebHostEnvironment)
DA:52,0
DA:53,0
DA:55,0
DA:56,0
DA:57,0
DA:58,0
DA:60,0
DA:61,0
DA:62,0
DA:63,0
DA:65,0
DA:67,0
DA:69,0
DA:71,0
DA:72,0
DA:73,0
DA:74,0
DA:75,0
BRDA:60,55,0,0
BRDA:60,55,1,0
FN:14,System.Void TokenGenerator.Startup::.ctor(Microsoft.Extensions.Configuration.IConfiguration)
FNDA:0,System.Void TokenGenerator.Startup::.ctor(Microsoft.Extensions.Configuration.IConfiguration)
DA:15,0
DA:16,0
DA:17,0
DA:18,0
LF:46
LH:0
BRF:2
BRH:0
FNF:4
FNH:0
end_of_record
SF:/home/pedroneto/Documentos/Git/TokenGenerator/TokenGenerator/Models/CardResponse.cs
FN:15,System.DateTime TokenGenerator.Models.CardResponse::get_RegistrationDate()
FNDA:2,System.DateTime TokenGenerator.Models.CardResponse::get_RegistrationDate()
DA:16,2
FN:22,System.Nullable`1<System.Int32> TokenGenerator.Models.CardResponse::get_Token()
FNDA:4,System.Nullable`1<System.Int32> TokenGenerator.Models.CardResponse::get_Token()
DA:23,4
FN:29,System.Int32 TokenGenerator.Models.CardResponse::get_CardId()
FNDA:2,System.Int32 TokenGenerator.Models.CardResponse::get_CardId()
DA:30,2
LF:3
LH:3
BRF:0
BRH:0
FNF:3
FNH:3
end_of_record
SF:/home/pedroneto/Documentos/Git/TokenGenerator/TokenGenerator/Models/CustomerCardContext.cs
FN:21,Microsoft.EntityFrameworkCore.DbSet`1<TokenGenerator.Card> TokenGenerator.Models.CustomerCardContext::get_Cards()
FNDA:2,Microsoft.EntityFrameworkCore.DbSet`1<TokenGenerator.Card> TokenGenerator.Models.CustomerCardContext::get_Cards()
DA:22,2
FN:27,Microsoft.EntityFrameworkCore.DbSet`1<TokenGenerator.Customer> TokenGenerator.Models.CustomerCardContext::get_Customers()
FNDA:2,Microsoft.EntityFrameworkCore.DbSet`1<TokenGenerator.Customer> TokenGenerator.Models.CustomerCardContext::get_Customers()
DA:28,2
FN:31,TokenGenerator.Business.IValidator TokenGenerator.Models.CustomerCardContext::get_Validator()
FNDA:0,TokenGenerator.Business.IValidator TokenGenerator.Models.CustomerCardContext::get_Validator()
DA:32,0
DA:33,0
DA:34,0
FN:35,System.Void TokenGenerator.Models.CustomerCardContext::set_Validator(TokenGenerator.Business.IValidator)
FNDA:0,System.Void TokenGenerator.Models.CustomerCardContext::set_Validator(TokenGenerator.Business.IValidator)
DA:36,0
FN:12,System.Void TokenGenerator.Models.CustomerCardContext::.ctor(Microsoft.EntityFrameworkCore.DbContextOptions`1<TokenGenerator.Models.CustomerCardContext>)
FNDA:2,System.Void TokenGenerator.Models.CustomerCardContext::.ctor(Microsoft.EntityFrameworkCore.DbContextOptions`1<TokenGenerator.Models.CustomerCardContext>)
DA:13,2
DA:14,2
DA:15,2
DA:16,2
LF:10
LH:6
BRF:0
BRH:0
FNF:5
FNH:3
end_of_record
SF:/home/pedroneto/Documentos/Git/TokenGenerator/TokenGenerator/Controllers/CreateToken.cs
FN:18,System.Void TokenGenerator.Controllers.TokenController::.ctor(TokenGenerator.Models.ICustomerCardContext)
FNDA:7,System.Void TokenGenerator.Controllers.TokenController::.ctor(TokenGenerator.Models.ICustomerCardContext)
DA:19,7
DA:20,7
DA:21,7
DA:22,7
FN:32,System.Void TokenGenerator.Controllers.TokenController/<CreateCard>d__2::MoveNext()
FNDA:4,System.Void TokenGenerator.Controllers.TokenController/<CreateCard>d__2::MoveNext()
DA:33,4
DA:34,4
DA:35,1
DA:36,1
DA:40,3
DA:41,3
DA:43,2
DA:44,2
DA:45,2
DA:46,2
DA:47,2
DA:48,2
DA:50,2
DA:51,2
DA:52,2
DA:54,2
DA:55,2
DA:57,2
DA:58,1
DA:59,1
DA:60,1
DA:61,1
DA:62,1
DA:63,1
DA:64,1
DA:66,1
DA:67,1
DA:69,1
DA:70,1
DA:71,1
DA:72,1
DA:74,1
DA:75,1
DA:76,1
DA:77,1
DA:79,1
DA:80,1
DA:81,1
DA:82,1
DA:84,2
DA:86,1
DA:87,1
DA:88,1
DA:90,4
BRDA:34,55,0,3
BRDA:34,55,1,1
BRDA:34,81,0,1
BRDA:34,81,1,3
BRDA:43,332,0,2
BRDA:43,332,1,2
BRDA:57,698,0,1
BRDA:57,698,1,1
LF:48
LH:48
BRF:8
BRH:8
FNF:2
FNH:2
end_of_record
SF:/home/pedroneto/Documentos/Git/TokenGenerator/TokenGenerator/Controllers/ValidateToken.cs
FN:13,System.Void TokenGenerator.Controllers.TokenController/<ValidateToken>d__3::MoveNext()
FNDA:3,System.Void TokenGenerator.Controllers.TokenController/<ValidateToken>d__3::MoveNext()
DA:14,3
DA:15,3
DA:16,1
DA:17,1
DA:20,2
DA:22,2
DA:23,1
DA:24,1
DA:25,1
DA:27,2
DA:28,1
DA:29,1
DA:32,1
DA:34,1
DA:36,1
DA:37,3
BRDA:15,35,0,2
BRDA:15,35,1,1
BRDA:15,61,0,1
BRDA:15,61,1,2
BRDA:22,264,0,1
BRDA:22,264,1,2
BRDA:27,470,0,1
BRDA:27,483,0,1
BRDA:27,470,1,1
BRDA:27,483,1,1
BRDA:27,528,0,1
BRDA:27,528,1,1
LF:16
LH:16
BRF:12
BRH:12
FNF:1
FNH:1
end_of_record
SF:/home/pedroneto/Documentos/Git/TokenGenerator/TokenGenerator/Business/Validator.cs
FN:15,System.Int32 TokenGenerator.Business.Validator::CreateToken(TokenGenerator.Card)
FNDA:1,System.Int32 TokenGenerator.Business.Validator::CreateToken(TokenGenerator.Card)
DA:16,1
DA:17,1
DA:19,1
DA:20,0
DA:21,0
DA:22,0
DA:24,2
DA:26,470
DA:27,234
DA:30,234
DA:32,468
DA:33,0
DA:34,0
DA:35,0
DA:37,234
DA:38,234
DA:40,1
DA:41,1
BRDA:19,35,0,0
BRDA:19,35,1,1
BRDA:26,191,1,234
BRDA:32,146,1,0
BRDA:32,146,0,234
BRDA:26,191,0,1
FN:49,System.Boolean TokenGenerator.Business.Validator::ValidateToken(TokenGenerator.Card,TokenGenerator.Card)
FNDA:2,System.Boolean TokenGenerator.Business.Validator::ValidateToken(TokenGenerator.Card,TokenGenerator.Card)
DA:50,2
DA:51,2
DA:52,2
DA:53,2
BRDA:51,42,0,2
BRDA:51,42,1,0
LF:22
LH:16
BRF:8
BRH:5
FNF:2
FNH:2
end_of_record