SF:/home/pedroneto/Documentos/Git/TokenGenerator/TokenGenerator/Business/Customer.cs
FN:5,System.Boolean TokenGenerator.Customer::Exists(System.Int32)
FNDA:0,System.Boolean TokenGenerator.Customer::Exists(System.Int32)
DA:6,0
DA:7,0
DA:8,0
LF:3
LH:0
BRF:0
BRH:0
FNF:1
FNH:0
end_of_record
SF:/home/pedroneto/Documentos/Git/TokenGenerator/TokenGenerator/Models/Customer.cs
FN:16,System.Int32 TokenGenerator.Customer::get_Id()
FNDA:4,System.Int32 TokenGenerator.Customer::get_Id()
DA:17,4
LF:1
LH:1
BRF:0
BRH:0
FNF:1
FNH:1
end_of_record
SF:/home/pedroneto/Documentos/Git/TokenGenerator/TokenGenerator/Models/Card.cs
FN:18,System.Int32 TokenGenerator.Card::get_Id()
FNDA:2,System.Int32 TokenGenerator.Card::get_Id()
DA:19,2
FN:26,System.Int32 TokenGenerator.Card::get_CustomerId()
FNDA:7,System.Int32 TokenGenerator.Card::get_CustomerId()
DA:27,7
FN:32,TokenGenerator.Customer TokenGenerator.Card::get_Customer()
FNDA:2,TokenGenerator.Customer TokenGenerator.Card::get_Customer()
DA:33,2
FN:39,System.Nullable`1<System.Int64> TokenGenerator.Card::get_CardNumber()
FNDA:12,System.Nullable`1<System.Int64> TokenGenerator.Card::get_CardNumber()
DA:40,12
FN:46,System.Nullable`1<System.Int32> TokenGenerator.Card::get_Cvv()
FNDA:9,System.Nullable`1<System.Int32> TokenGenerator.Card::get_Cvv()
DA:47,9
FN:52,System.DateTime TokenGenerator.Card::get_RegistrationDate()
FNDA:5,System.DateTime TokenGenerator.Card::get_RegistrationDate()
DA:53,5
FN:58,System.Nullable`1<System.Int32> TokenGenerator.Card::get_Token()
FNDA:3,System.Nullable`1<System.Int32> TokenGenerator.Card::get_Token()
DA:59,3
LF:7
LH:7
BRF:0
BRH:0
FNF:7
FNH:7
end_of_record
SF:/home/pedroneto/Documentos/Git/TokenGenerator/TokenGenerator/Program.cs
FN:14,System.Void TokenGenerator.Program::Main(System.String[])
FNDA:0,System.Void TokenGenerator.Program::Main(System.String[])
DA:15,0
DA:16,0
DA:17,0
FN:19,Microsoft.Extensions.Hosting.IHostBuilder TokenGenerator.Program::CreateHostBuilder(System.String[])
FNDA:0,Microsoft.Extensions.Hosting.IHostBuilder TokenGenerator.Program::CreateHostBuilder(System.String[])
DA:20,0
DA:21,0
DA:22,0
DA:23,0
DA:24,0
LF:8
LH:0
BRF:0
BRH:0
FNF:2
FNH:0
end_of_record
SF:/home/pedroneto/Documentos/Git/TokenGenerator/TokenGenerator/Startup.cs
FN:21,Microsoft.Extensions.Configuration.IConfiguration TokenGenerator.Startup::get_Configuration()
FNDA:0,Microsoft.Extensions.Configuration.IConfiguration TokenGenerator.Startup::get_Configuration()
DA:22,0
FN:25,System.Void TokenGenerator.Startup::ConfigureServices(Microsoft.Extensions.DependencyInjection.IServiceCollection)
FNDA:0,System.Void TokenGenerator.Startup::ConfigureServices(Microsoft.Extensions.DependencyInjection.IServiceCollection)
DA:26,0
DA:27,0
DA:28,0
DA:29,0
DA:30,0
DA:32,0
DA:34,0
DA:35,0
DA:36,0
DA:37,0
DA:38,0
DA:39,0
DA:40,0
DA:41,0
DA:42,0
DA:43,0
DA:44,0
DA:45,0
DA:46,0
DA:47,0
DA:48,0
DA:49,0
FN:52,System.Void TokenGenerator.Startup::Configure(Microsoft.AspNetCore.Builder.IApplicationBuilder,Microsoft.AspNetCore.Hosting.IWebHostEnvironment)
FNDA:0,System.Void TokenGenerator.Startup::Configure(Microsoft.AspNetCore.Builder.IApplicationBuilder,Microsoft.AspNetCore.Hosting.IWebHostEnvironment)
DA:53,0
DA:54,0
DA:56,0
DA:57,0
DA:58,0
DA:59,0
DA:61,0
DA:62,0
DA:63,0
DA:64,0
DA:66,0
DA:68,0
DA:70,0
DA:72,0
DA:73,0
DA:74,0
DA:75,0
DA:76,0
BRDA:61,55,0,0
BRDA:61,55,1,0
FN:16,System.Void TokenGenerator.Startup::.ctor(Microsoft.Extensions.Configuration.IConfiguration)
FNDA:0,System.Void TokenGenerator.Startup::.ctor(Microsoft.Extensions.Configuration.IConfiguration)
DA:17,0
DA:18,0
DA:19,0
DA:20,0
LF:45
LH:0
BRF:2
BRH:0
FNF:4
FNH:0
end_of_record
SF:/home/pedroneto/Documentos/Git/TokenGenerator/TokenGenerator/Models/CardResponse.cs
FN:15,System.DateTime TokenGenerator.Models.CardResponse::get_RegistrationDate()
FNDA:2,System.DateTime TokenGenerator.Models.CardResponse::get_RegistrationDate()
DA:16,2
FN:22,System.Nullable`1<System.Int32> TokenGenerator.Models.CardResponse::get_Token()
FNDA:4,System.Nullable`1<System.Int32> TokenGenerator.Models.CardResponse::get_Token()
DA:23,4
FN:29,System.Int32 TokenGenerator.Models.CardResponse::get_CardId()
FNDA:2,System.Int32 TokenGenerator.Models.CardResponse::get_CardId()
DA:30,2
LF:3
LH:3
BRF:0
BRH:0
FNF:3
FNH:3
end_of_record
SF:/home/pedroneto/Documentos/Git/TokenGenerator/TokenGenerator/Models/CustomerCardContext.cs
FN:19,Microsoft.EntityFrameworkCore.DbSet`1<TokenGenerator.Card> TokenGenerator.Models.CustomerCardContext::get_Cards()
FNDA:3,Microsoft.EntityFrameworkCore.DbSet`1<TokenGenerator.Card> TokenGenerator.Models.CustomerCardContext::get_Cards()
DA:20,3
FN:25,Microsoft.EntityFrameworkCore.DbSet`1<TokenGenerator.Customer> TokenGenerator.Models.CustomerCardContext::get_Customers()
FNDA:3,Microsoft.EntityFrameworkCore.DbSet`1<TokenGenerator.Customer> TokenGenerator.Models.CustomerCardContext::get_Customers()
DA:26,3
FN:11,System.Void TokenGenerator.Models.CustomerCardContext::.ctor(Microsoft.EntityFrameworkCore.DbContextOptions`1<TokenGenerator.Models.CustomerCardContext>)
FNDA:1,System.Void TokenGenerator.Models.CustomerCardContext::.ctor(Microsoft.EntityFrameworkCore.DbContextOptions`1<TokenGenerator.Models.CustomerCardContext>)
DA:12,1
DA:13,1
DA:14,1
LF:5
LH:5
BRF:0
BRH:0
FNF:3
FNH:3
end_of_record
SF:/home/pedroneto/Documentos/Git/TokenGenerator/TokenGenerator/Controllers/CreateToken.cs
FN:24,System.Void TokenGenerator.Controllers.TokenController::.ctor(TokenGenerator.Models.IDbContext,TokenGenerator.Business.IValidator)
FNDA:2,System.Void TokenGenerator.Controllers.TokenController::.ctor(TokenGenerator.Models.IDbContext,TokenGenerator.Business.IValidator)
DA:25,2
DA:26,2
DA:27,2
DA:28,2
DA:29,2
FN:39,System.Void TokenGenerator.Controllers.TokenController/<CreateCard>d__3::MoveNext()
FNDA:2,System.Void TokenGenerator.Controllers.TokenController/<CreateCard>d__3::MoveNext()
DA:40,2
DA:41,2
DA:42,0
DA:43,0
DA:47,2
DA:48,2
DA:50,2
DA:51,2
DA:52,2
DA:53,2
DA:54,2
DA:55,2
DA:57,2
DA:58,2
DA:59,2
DA:61,2
DA:62,2
DA:64,2
DA:65,1
DA:66,1
DA:67,1
DA:68,1
DA:69,1
DA:70,1
DA:71,1
DA:73,1
DA:74,1
DA:76,1
DA:77,1
DA:78,1
DA:79,1
DA:81,1
DA:82,1
DA:83,1
DA:84,1
DA:86,1
DA:87,1
DA:88,1
DA:89,1
DA:91,2
DA:93,0
DA:94,0
DA:95,0
DA:97,2
BRDA:41,55,0,2
BRDA:41,55,1,0
BRDA:41,81,0,0
BRDA:41,81,1,2
BRDA:50,332,0,2
BRDA:50,332,1,2
BRDA:64,698,0,1
BRDA:64,698,1,1
LF:49
LH:44
BRF:8
BRH:6
FNF:2
FNH:2
end_of_record
SF:/home/pedroneto/Documentos/Git/TokenGenerator/TokenGenerator/Controllers/ValidateToken.cs
FN:13,System.Void TokenGenerator.Controllers.TokenController/<ValidateToken>d__4::MoveNext()
FNDA:0,System.Void TokenGenerator.Controllers.TokenController/<ValidateToken>d__4::MoveNext()
DA:14,0
DA:15,0
DA:16,0
DA:17,0
DA:20,0
DA:21,0
DA:23,0
DA:24,0
DA:25,0
DA:28,0
DA:30,0
DA:32,0
DA:33,0
BRDA:15,35,0,0
BRDA:15,35,1,0
BRDA:15,61,0,0
BRDA:15,61,1,0
BRDA:23,450,0,0
BRDA:23,463,0,0
BRDA:23,450,1,0
BRDA:23,463,1,0
BRDA:23,503,0,0
BRDA:23,503,1,0
LF:13
LH:0
BRF:10
BRH:0
FNF:1
FNH:0
end_of_record
SF:/home/pedroneto/Documentos/Git/TokenGenerator/TokenGenerator/Business/Validator.cs
FN:7,System.Int32 TokenGenerator.Business.Validator::CreateToken(TokenGenerator.Card)
FNDA:0,System.Int32 TokenGenerator.Business.Validator::CreateToken(TokenGenerator.Card)
DA:8,0
DA:9,0
DA:11,0
DA:12,0
DA:13,0
DA:14,0
DA:16,0
DA:18,0
DA:19,0
DA:22,0
DA:24,0
DA:25,0
DA:26,0
DA:27,0
DA:29,0
DA:30,0
DA:32,0
DA:33,0
BRDA:11,35,0,0
BRDA:11,35,1,0
BRDA:18,191,1,0
BRDA:24,146,1,0
BRDA:24,146,0,0
BRDA:18,191,0,0
FN:35,System.Boolean TokenGenerator.Business.Validator::ValidateToken(TokenGenerator.Card,TokenGenerator.Card)
FNDA:0,System.Boolean TokenGenerator.Business.Validator::ValidateToken(TokenGenerator.Card,TokenGenerator.Card)
DA:36,0
DA:37,0
DA:38,0
DA:39,0
BRDA:37,34,0,0
BRDA:37,34,1,0
LF:22
LH:0
BRF:8
BRH:0
FNF:2
FNH:0
end_of_record